<?xml version="1.0" encoding="UTF-8"?>
<!-- Generated by org.testng.reporters.JUnitXMLReporter -->
<testsuite hostname="LAPTOP-PT93KTGA" ignored="0" name="Default test" tests="3" failures="0" timestamp="28 Dec 2020 12:07:46 GMT" time="66.529" errors="0">
  <testcase name="tc1" time="2.246" classname="org.executable.Amazon"/>
  <testcase name="tc2" time="41.883" classname="org.executable.Amazon"/>
  <testcase name="tc3" time="11.863" classname="org.executable.Amazon"/>
</testsuite> <!-- Default test -->
